submit.py:45: YAMLLoadWarning: calling yaml.load() without Loader=... is deprecated, as the default Loader is unsafe. Please read https://msg.pyyaml.org/load for full details.
  doc = yaml.load(f) # Parse YAML file


*** Sample JetHT2016 ***

*** Submitting JetHT_Run2016E_HIPM: /JetHT/Run2016E-HIPM_UL2016_MiniAODv2-v2/MINIAOD
DEBUG : outLFNDirBase = /store/group/phys_higgs/cmshgg/zhenxuan/v2_3/2016/JetHT2016
from WMCore.Configuration import Configuration
config = Configuration()
config.section_('General')
config.General.workArea = 'crab/pfnano_v2_3/'
config.General.transferOutputs = True
config.General.transferLogs = True
config.General.requestName = 'pfnano_v2_3_2016_JetHT_Run2016E_HIPM'
config.section_('JobType')
config.JobType.numCores = 4
config.JobType.maxMemoryMB = 8000
config.JobType.pyCfgParams = ['isMC=False', 'reportEvery=1000', 'tag=v2_3', 'globalTag=106X_dataRun2_v35']
config.JobType.pluginName = 'Analysis'
config.JobType.allowUndistributedCMSSW = True
config.JobType.psetName = '/eos/home-z/zhenxuan/CMSSW_10_6_26_prod/src/PhysicsTools/PFNano/test/ak15/nano_data_2016_UL_NANO.py'
config.section_('Data')
config.Data.inputDataset = '/JetHT/Run2016E-HIPM_UL2016_MiniAODv2-v2/MINIAOD'
config.Data.outputDatasetTag = 'JetHT_Run2016E_HIPM'
config.Data.publication = True
config.Data.unitsPerJob = 2
config.Data.inputDBS = 'global'
config.Data.splitting = 'FileBased'
config.Data.outLFNDirBase = '/store/group/phys_higgs/cmshgg/zhenxuan/v2_3/2016/JetHT2016'
config.Data.lumiMask = 'https://cms-service-dqmdc.web.cern.ch/CAF/certification/Collisions16/13TeV/Legacy_2016/Cert_271036-284044_13TeV_Legacy2016_Collisions16_JSON.txt'
config.Data.totalUnits = 20
config.section_('Site')
config.Site.storageSite = 'T2_CERN_CH'
config.section_('User')
config.section_('Debug')

DEBUG : In submit()
Importing CMSSW configuration /eos/home-z/zhenxuan/CMSSW_10_6_26_prod/src/PhysicsTools/PFNano/test/ak15/nano_data_2016_UL_NANO.py
**************************************************************
b tagging needs to be run on uncorrected jets. Hence, the JECs
will first be undone for 'updatedPatJetsAK15' and then applied to
'updatedPatJetsTransientCorrectedAK15'.
**************************************************************
**************************************************************
b tagging needs to be run on uncorrected jets. Hence, the JECs
will first be undone for 'updatedPatJetsWithDeepInfo' and then applied to
'updatedPatJetsTransientCorrectedWithDeepInfo'.
**************************************************************
**************************************************************
b tagging needs to be run on uncorrected jets. Hence, the JECs
will first be undone for 'updatedPatJetsSoftDropSubjetsPFAK8SubjetsWithDeepInfo' and then applied to
'updatedPatJetsTransientCorrectedSoftDropSubjetsPFAK8SubjetsWithDeepInfo'.
**************************************************************
**************************************************************
b tagging needs to be run on uncorrected jets. Hence, the JECs
will first be undone for 'updatedPatJetsSoftDropSubjetsPFAK15SubjetsWithDeepInfo' and then applied to
'updatedPatJetsTransientCorrectedSoftDropSubjetsPFAK15SubjetsWithDeepInfo'.
**************************************************************
Finished importing CMSSW configuration /eos/home-z/zhenxuan/CMSSW_10_6_26_prod/src/PhysicsTools/PFNano/test/ak15/nano_data_2016_UL_NANO.py
You are requesting more than 1 core per job. Please make sure that your multi-threaded code is thread-safe and CPU-efficient, and request the correct amount of memory since the default 'maxMemoryMB' value is meant for single core jobs.
Sending the request to the server at cmsweb.cern.ch
Fatal error trying to connect to https://cmsweb.cern.ch:8443/crabserver/prod/workflow using maxjobruntime=1250&lfn=%2Fstore%2Fgroup%2Fphys_higgs%2Fcmshgg%2Fzhenxuan%2Fv2_3%2F2016%2FJetHT2016&savelogsflag=1&useparent=0&asyncdest=T2_CERN_CH&algoargs=2&cachefilename=20679522ace44c57ab95653b4868608b4c61b5101882fca027aa08f4672a5da3.tar.gz&numcores=4&generator=pythia&maxmemory=8000&partialdataset=0&publishdbsurl=https%3A%2F%2Fcmsweb.cern.ch%2Fdbs%2Fprod%2Fphys03%2FDBSWriter&priority=10&jobsw=CMSSW_10_6_26&primarydataset=&inputdata=%2FJetHT%2FRun2016E-HIPM_UL2016_MiniAODv2-v2%2FMINIAOD&ignorelocality=0&dryrun=0&workflow=crab_pfnano_v2_3_2016_JetHT_Run2016E_HIPM&cacheurl=https%3A%2F%2Fcmsweb.cern.ch%2FS3%2Fcrabcache_prod&nonprodsw=1&oneEventMode=0&debugfilename=ea4ddd5861d9755db7ecd15c4eef403cc2e286c2b9aa66b463f2da0551cc6254.tar.gz&saveoutput=1&publication=1&jobarch=slc7_amd64_gcc700&totalunits=20&splitalgo=FileBased&ignoreglobalblacklist=0&nonvaliddata=0&dbsurl=https%3A%2F%2Fcmsweb.cern.ch%2Fdbs%2Fprod%2Fglobal%2FDBSReader&jobtype=Analysis&requireaccelerator=0&publishname2=JetHT_Run2016E_HIPM&edmoutfiles=nano_data2016.root&runs=273158&runs=273302&runs=273402&runs=273403&runs=273404&runs=273405&runs=273406&runs=273408&runs=273409&runs=273410&runs=273411&runs=273425&runs=273446&runs=273447&runs=273448&runs=273449&runs=273450&runs=273492&runs=273493&runs=273494&runs=273502&runs=273503&runs=273554&runs=273555&runs=273725&runs=273728&runs=273730&runs=274094&runs=274146&runs=274157&runs=274159&runs=274160&runs=274161&runs=274172&runs=274198&runs=274199&runs=274200&runs=274240&runs=274241&runs=274244&runs=274250&runs=274251&runs=274283&runs=274284&runs=274286&runs=274314&runs=274315&runs=274316&runs=274317&runs=274319&runs=274335&runs=274336&runs=274337&runs=274338&runs=274339&runs=274344&runs=274345&runs=274382&runs=274387&runs=274388&runs=274420&runs=274421&runs=274422&runs=274440&runs=274441&runs=274442&runs=274954&runs=274955&runs=274968&runs=274969&runs=274970&runs=274971&runs=274998&runs=274999&runs=275000&runs=275001&runs=275059&runs=275066&runs=275067&runs=275068&runs=275073&runs=275074&runs=275124&runs=275125&runs=275282&runs=275283&runs=275284&runs=275290&runs=275291&runs=275292&runs=275293&runs=275309&runs=275310&runs=275311&runs=275319&runs=275337&runs=275338&runs=275344&runs=275345&runs=275370&runs=275371&runs=275375&runs=275376&runs=275657&runs=275658&runs=275659&runs=275761&runs=275767&runs=275772&runs=275773&runs=275774&runs=275776&runs=275777&runs=275778&runs=275782&runs=275832&runs=275833&runs=275834&runs=275835&runs=275836&runs=275837&runs=275847&runs=275886&runs=275890&runs=275911&runs=275912&runs=275913&runs=275918&runs=275920&runs=275921&runs=275923&runs=275931&runs=275963&runs=276092&runs=276097&runs=276242&runs=276243&runs=276244&runs=276282&runs=276283&runs=276315&runs=276317&runs=276318&runs=276355&runs=276361&runs=276363&runs=276384&runs=276437&runs=276454&runs=276458&runs=276495&runs=276501&runs=276502&runs=276525&runs=276527&runs=276528&runs=276542&runs=276543&runs=276544&runs=276545&runs=276581&runs=276582&runs=276583&runs=276584&runs=276585&runs=276586&runs=276587&runs=276653&runs=276655&runs=276659&runs=276775&runs=276776&runs=276794&runs=276807&runs=276808&runs=276810&runs=276811&runs=276831&runs=276834&runs=276870&runs=276935&runs=276940&runs=276946&runs=276947&runs=276948&runs=276950&runs=277069&runs=277070&runs=277071&runs=277072&runs=277073&runs=277076&runs=277087&runs=277094&runs=277096&runs=277112&runs=277126&runs=277127&runs=277148&runs=277166&runs=277168&runs=277180&runs=277194&runs=277305&runs=277420&runs=277981&runs=277991&runs=277992&runs=278017&runs=278018&runs=278167&runs=278175&runs=278193&runs=278239&runs=278240&runs=278273&runs=278274&runs=278288&runs=278289&runs=278290&runs=278308&runs=278310&runs=278315&runs=278345&runs=278346&runs=278349&runs=278366&runs=278406&runs=278509&runs=278769&runs=278770&runs=278801&runs=278802&runs=278803&runs=278804&runs=278805&runs=278808&runs=278820&runs=278822&runs=278873&runs=278874&runs=278875&runs=278923&runs=278957&runs=278962&runs=278963&runs=278969&runs=278975&runs=278976&runs=278986&runs=279024&runs=279029&runs=279071&runs=279080&runs=279115&runs=279116&runs=279479&runs=279588&runs=279653&runs=279654&runs=279656&runs=279658&runs=279667&runs=279681&runs=279682&runs=279683&runs=279684&runs=279685&runs=279691&runs=279694&runs=279715&runs=279716&runs=279760&runs=279766&runs=279767&runs=279794&runs=279823&runs=279841&runs=279844&runs=279887&runs=279931&runs=279966&runs=279975&runs=279993&runs=279994&runs=280013&runs=280015&runs=280016&runs=280017&runs=280018&runs=280020&runs=280024&runs=280187&runs=280188&runs=280191&runs=280194&runs=280242&runs=280249&runs=280251&runs=280327&runs=280330&runs=280349&runs=280363&runs=280364&runs=280383&runs=280384&runs=280385&runs=281613&runs=281639&runs=281641&runs=281693&runs=281707&runs=281726&runs=281727&runs=281797&runs=281975&runs=281976&runs=282033&runs=282034&runs=282035&runs=282037&runs=282092&runs=282708&runs=282710&runs=282712&runs=282730&runs=282731&runs=282732&runs=282733&runs=282734&runs=282735&runs=282800&runs=282807&runs=282814&runs=282842&runs=282917&runs=282918&runs=282919&runs=282922&runs=282923&runs=283042&runs=283043&runs=283049&runs=283050&runs=283052&runs=283059&runs=283270&runs=283283&runs=283305&runs=283306&runs=283307&runs=283308&runs=283353&runs=283358&runs=283359&runs=283407&runs=283408&runs=283416&runs=283453&runs=283469&runs=283478&runs=283548&runs=283680&runs=283681&runs=283682&runs=283685&runs=283820&runs=283830&runs=283834&runs=283835&runs=283865&runs=283876&runs=283877&runs=283884&runs=283885&runs=283933&runs=283934&runs=283946&runs=283964&runs=284006&runs=284014&runs=284025&runs=284029&runs=284035&runs=284036&runs=284037&runs=284038&runs=284039&runs=284040&runs=284041&runs=284042&runs=284043&runs=284044&lumis=1%2C1283&lumis=1%2C459&lumis=100%2C292&lumis=1%2C68&lumis=1%2C22&lumis=2%2C34&lumis=1%2C125&lumis=1%2C9&lumis=1%2C317&lumis=1%2C99&lumis=1%2C29&lumis=62%2C352%2C354%2C742&lumis=1%2C48&lumis=1%2C113%2C115%2C420&lumis=1%2C396&lumis=1%2C216&lumis=1%2C214%2C219%2C647&lumis=71%2C282%2C284%2C325%2C327%2C343&lumis=1%2C241&lumis=1%2C192&lumis=73%2C256%2C258%2C318%2C320%2C813%2C815%2C1077&lumis=1%2C598&lumis=77%2C444&lumis=1%2C173&lumis=83%2C252%2C254%2C2556&lumis=1%2C112&lumis=1%2C2126&lumis=108%2C332&lumis=1%2C73&lumis=105%2C537&lumis=1%2C47&lumis=1%2C214&lumis=1%2C516&lumis=31%2C95&lumis=81%2C192&lumis=1%2C630&lumis=1%2C678&lumis=1%2C40%2C42%2C86&lumis=1%2C1180&lumis=1%2C607&lumis=1%2C704&lumis=1%2C546&lumis=1%2C22&lumis=1%2C215&lumis=1%2C154&lumis=97%2C165&lumis=1%2C432&lumis=1%2C974&lumis=1%2C22&lumis=1%2C225&lumis=60%2C1013&lumis=1%2C20&lumis=1%2C22&lumis=1%2C703&lumis=1%2C99&lumis=1%2C639&lumis=1%2C170&lumis=94%2C144&lumis=88%2C447&lumis=1%2C1820&lumis=93%2C268&lumis=1%2C356&lumis=1%2C2207&lumis=92%2C498&lumis=1%2C443&lumis=1%2C752&lumis=37%2C60&lumis=1%2C98&lumis=1%2C1206&lumis=1%2C1007&lumis=1%2C47&lumis=1%2C905&lumis=63%2C794&lumis=1%2C1257&lumis=1%2C140&lumis=1%2C1781%2C1786%2C2061&lumis=78%2C81%2C105%2C150&lumis=1%2C111&lumis=1%2C396&lumis=1%2C922&lumis=1%2C523&lumis=1%2C647&lumis=106%2C433&lumis=1%2C989&lumis=90%2C185&lumis=1%2C137&lumis=1%2C74&lumis=96%2C150&lumis=1%2C356&lumis=1%2C125&lumis=1%2C142%2C144%2C201&lumis=55%2C627&lumis=1%2C1939&lumis=1%2C1253&lumis=141%2C292&lumis=1%2C433&lumis=1%2C520&lumis=76%2C368&lumis=1%2C353&lumis=81%2C371&lumis=1%2C569&lumis=127%2C1453&lumis=1%2C3096&lumis=1%2C111&lumis=1%2C344&lumis=1%2C17&lumis=1%2C11&lumis=1%2C8&lumis=1%2C61&lumis=1%2C21&lumis=1%2C317&lumis=1%2C149&lumis=1%2C304&lumis=1%2C319&lumis=1%2C131%2C133%2C762&lumis=1%2C371&lumis=1%2C53%2C56%2C115%2C117%2C254&lumis=1%2C303&lumis=1%2C20&lumis=1%2C429%2C431%2C1163%2C1166%2C1170%2C1184%2C1306&lumis=1%2C186%2C198%2C726&lumis=1%2C2263&lumis=70%2C109&lumis=1%2C1393&lumis=62%2C298%2C300%2C354%2C356%2C445&lumis=1%2C303&lumis=1%2C484&lumis=1%2C318%2C348%2C361&lumis=1%2C472&lumis=1%2C32&lumis=1%2C127&lumis=1%2C89&lumis=82%2C139%2C141%2C172&lumis=74%2C153&lumis=1%2C507&lumis=1%2C7%2C18%2C61%2C72%2C1669&lumis=1%2C15%2C18%2C627&lumis=1%2C1202&lumis=75%2C534%2C537%2C1151&lumis=1%2C1087&lumis=40%2C175%2C178%2C227&lumis=1%2C147&lumis=1%2C103%2C106%2C576&lumis=1%2C34&lumis=1%2C161%2C169%2C208%2C210%2C800%2C802%2C844&lumis=1%2C238%2C242%2C1489&lumis=1%2C1117&lumis=63%2C224%2C227%2C1074%2C1076%2C2190&lumis=1%2C527&lumis=1%2C341&lumis=87%2C279&lumis=1%2C221%2C223%2C2556&lumis=1%2C741&lumis=87%2C1606%2C1626%2C2904&lumis=1%2C214&lumis=1%2C394&lumis=74%2C858&lumis=1%2C961&lumis=1%2C163&lumis=1%2C110%2C117%2C213&lumis=79%2C447&lumis=1%2C873&lumis=1%2C60&lumis=1%2C2&lumis=1%2C253&lumis=1%2C658%2C680%2C781&lumis=1%2C1006&lumis=72%2C562&lumis=1%2C593%2C595%2C1114&lumis=1%2C127%2C129%2C252&lumis=96%2C1269&lumis=1%2C1823&lumis=1%2C885&lumis=66%2C227&lumis=1%2C883&lumis=1%2C291&lumis=1%2C2563&lumis=64%2C2711&lumis=1%2C729&lumis=78%2C1354%2C1356%2C3108%2C3111%2C3258%2C3260%2C3484&lumis=79%2C184%2C186%2C838%2C842%2C906&lumis=70%2C214&lumis=1%2C34&lumis=1%2C150&lumis=1%2C481&lumis=1%2C2353&lumis=81%2C394&lumis=1%2C1063&lumis=1%2C82%2C90%2C178&lumis=1%2C253%2C256%2C484&lumis=1%2C98&lumis=1%2C3%2C5%2C7%2C9%2C35%2C38%2C1037&lumis=204%2C1191&lumis=1%2C161%2C164%2C598&lumis=1%2C2093&lumis=1%2C155&lumis=42%2C60&lumis=1%2C438%2C440%2C902&lumis=83%2C715&lumis=77%2C433&lumis=1%2C2223&lumis=88%2C228&lumis=113%2C139%2C144%2C2070&lumis=62%2C744&lumis=84%2C346&lumis=82%2C83%2C85%2C163&lumis=1%2C98&lumis=1%2C260%2C262%2C312&lumis=77%2C97%2C99%2C213%2C215%2C512%2C514%2C600&lumis=1%2C263%2C265%2C627%2C642%2C1011%2C1020%2C1181&lumis=87%2C1660%2C1662%2C2260&lumis=1%2C88&lumis=77%2C231&lumis=76%2C754&lumis=1%2C64%2C70%2C113%2C115%2C1309&lumis=75%2C114&lumis=1%2C85&lumis=67%2C84&lumis=1%2C42%2C44%2C60&lumis=1%2C11&lumis=87%2C216%2C219%2C1200%2C1217%2C1848%2C1876%2C1885&lumis=1%2C709&lumis=73%2C254%2C256%2C661%2C663%2C767&lumis=84%2C500%2C503%2C833&lumis=1%2C150&lumis=1%2C401%2C403%2C612%2C630%2C639&lumis=1%2C453&lumis=85%2C360%2C362%2C1682&lumis=91%2C1557&lumis=75%2C111&lumis=1%2C767&lumis=48%2C92&lumis=1%2C21&lumis=1%2C330&lumis=1%2C8&lumis=1%2C26%2C30%2C291&lumis=1%2C445%2C447%2C462%2C464%2C1793&lumis=17%2C1540&lumis=1%2C1627&lumis=70%2C136&lumis=1%2C484&lumis=1%2C834&lumis=55%2C467&lumis=79%2C227&lumis=68%2C418&lumis=1%2C23%2C25%2C175&lumis=70%2C1051%2C1053%2C1291%2C1293%2C1465&lumis=1%2C857&lumis=1%2C20&lumis=71%2C199&lumis=82%2C382&lumis=1%2C260&lumis=71%2C244&lumis=68%2C224&lumis=118%2C524&lumis=38%2C485&lumis=86%2C190&lumis=100%2C1259&lumis=77%2C77%2C82%2C268&lumis=1%2C108%2C110%2C1231%2C1285%2C1307&lumis=1%2C43%2C82%2C87&lumis=1%2C713&lumis=68%2C1033&lumis=77%2C111&lumis=1%2C47&lumis=1%2C34&lumis=1%2C34&lumis=1%2C93%2C95%2C209&lumis=71%2C124&lumis=1%2C2235&lumis=71%2C474%2C476%2C477%2C480%2C480%2C511%2C511%2C523%2C691&lumis=1%2C860%2C875%2C1528%2C1530%2C1653&lumis=68%2C578%2C585%2C728%2C798%2C806&lumis=1%2C1694&lumis=1%2C776&lumis=77%2C1100&lumis=61%2C395&lumis=75%2C398%2C407%2C2122&lumis=72%2C304&lumis=79%2C397&lumis=84%2C628%2C630%2C801%2C803%2C1043%2C1045%2C3022&lumis=79%2C441&lumis=70%2C190%2C192%2C253%2C256%2C281%2C283%2C709%2C734%2C1121&lumis=85%2C163&lumis=1%2C59&lumis=1%2C34&lumis=1%2C39%2C41%2C56%2C59%2C554%2C560%2C584&lumis=1%2C163&lumis=1%2C613&lumis=1%2C1282&lumis=1%2C47&lumis=1%2C427&lumis=4%2C70&lumis=1%2C253&lumis=1%2C781%2C783%2C909&lumis=1%2C238&lumis=1%2C411%2C414%2C639&lumis=1%2C1437&lumis=1%2C165%2C167%2C372&lumis=49%2C98&lumis=1%2C870&lumis=1%2C247%2C252%2C639&lumis=1%2C367&lumis=1%2C619%2C621%2C1090%2C1102%2C1363&lumis=64%2C73&lumis=1%2C47&lumis=1%2C519%2C523%2C2022&lumis=101%2C903&lumis=1%2C136&lumis=1%2C319&lumis=1%2C2191&lumis=99%2C982%2C1000%2C1065%2C1087%2C1089&lumis=1%2C291&lumis=1%2C1605&lumis=125%2C2176&lumis=1%2C215&lumis=1%2C2166&lumis=82%2C124&lumis=1%2C35&lumis=1%2C47&lumis=1%2C457%2C459%2C1862&lumis=92%2C222%2C624%2C2276&lumis=1%2C8&lumis=1%2C9&lumis=1%2C1%2C10%2C68&lumis=89%2C171&lumis=1%2C176&lumis=1%2C73&lumis=1%2C178&lumis=1%2C330&lumis=1%2C1823&lumis=1%2C382&lumis=1%2C330&lumis=1%2C1843&lumis=1%2C80&lumis=117%2C201&lumis=1%2C59&lumis=1%2C243&lumis=1%2C137&lumis=1%2C17%2C19%2C30%2C32%2C86%2C88%2C229&lumis=1%2C10&lumis=1%2C519&lumis=82%2C98&lumis=1%2C227&lumis=1%2C124&lumis=1%2C458&lumis=76%2C1913&lumis=1%2C1748&lumis=79%2C93&lumis=1%2C291&lumis=1%2C461&lumis=1%2C547%2C549%2C571%2C573%2C948&lumis=80%2C832&lumis=1%2C243%2C245%2C986&lumis=1%2C428&lumis=82%2C124&lumis=1%2C2125%2C2203%2C2416%2C2528%2C2543&lumis=49%2C245&lumis=83%2C537&lumis=74%2C74&lumis=76%2C303%2C324%2C973&lumis=144%2C291&lumis=1%2C87&lumis=1%2C23&lumis=1%2C389&lumis=1%2C314&lumis=67%2C1552&lumis=1%2C729&lumis=1%2C85&lumis=1%2C112&lumis=1%2C1177&lumis=65%2C736&lumis=1%2C1496&lumis=349%2C756&lumis=1%2C1723&lumis=88%2C240&lumis=1%2C784%2C793%2C870%2C875%2C1245%2C1267%2C1291&lumis=85%2C1462&lumis=1%2C388&lumis=73%2C394&lumis=1%2C266&lumis=109%2C162&lumis=1%2C112&lumis=1%2C369&lumis=1%2C356&lumis=1%2C343&lumis=1%2C60&lumis=1%2C34&lumis=1%2C35&lumis=1%2C47&lumis=1%2C137&lumis=1%2C227&lumis=1%2C30.
Failed submitting task:   % Total    % Received % Xferd  Average Speed   Time    Time     Time  Current
                                 Dload  Upload   Total   Spent    Left  Speed
  0     0    0     0    0     0      0      0 --:--:-- --:--:-- --:--:--     0*   Trying 188.184.75.82...
* TCP_NODELAY set
* Connected to cmsweb.cern.ch (188.184.75.82) port 8443 (#0)
* ALPN, offering http/1.1
* Cipher selection: ALL:!EXPORT:!EXPORT40:!EXPORT56:!aNULL:!LOW:!RC4:@STRENGTH
* successfully set certificate verify locations:
  CAfile: /etc/pki/tls/certs/ca-bundle.crt
  CApath: /etc/grid-security/certificates/
* TLSv1.2 (OUT), TLS header, Certificate Status (22):
} [5 bytes data]
* TLSv1.2 (OUT), TLS handshake, Client hello (1):
} [512 bytes data]
* TLSv1.2 (IN), TLS handshake, Server hello (2):
{ [109 bytes data]
* TLSv1.2 (IN), TLS handshake, Certificate (11):
{ [6240 bytes data]
* TLSv1.2 (IN), TLS handshake, Server key exchange (12):
{ [333 bytes data]
* TLSv1.2 (IN), TLS handshake, Request CERT (13):
{ [13122 bytes data]
* TLSv1.2 (IN), TLS handshake, Server finished (14):
{ [4 bytes data]
* TLSv1.2 (OUT), TLS handshake, Certificate (11):
} [6784 bytes data]
* TLSv1.2 (OUT), TLS handshake, Client key exchange (16):
} [70 bytes data]
* TLSv1.2 (OUT), TLS handshake, CERT verify (15):
} [264 bytes data]
* TLSv1.2 (OUT), TLS change cipher, Client hello (1):
} [1 bytes data]
* TLSv1.2 (OUT), TLS handshake, Finished (20):
} [16 bytes data]
* TLSv1.2 (IN), TLS change cipher, Client hello (1):
{ [1 bytes data]
* TLSv1.2 (IN), TLS handshake, Finished (20):
{ [16 bytes data]
* SSL connection using TLSv1.2 / ECDHE-RSA-AES128-GCM-SHA256
* ALPN, server accepted to use http/1.1
* Server certificate:
*  subject: DC=ch; DC=cern; OU=computers; CN=cmsweb.cern.ch
*  start date: Feb 28 02:56:51 2023 GMT
*  expire date: Apr  3 02:56:51 2024 GMT
*  subjectAltName: host "cmsweb.cern.ch" matched cert's "cmsweb.cern.ch"
*  issuer: DC=ch; DC=cern; CN=CERN Grid Certification Authority
*  SSL certificate verify ok.
} [5 bytes data]
> PUT /crabserver/prod/workflow HTTP/1.1
> Host: cmsweb.cern.ch:8443
> User-Agent: CRABClient/v3.230417
> Accept: */*
> Content-Length: 12951
> Content-Type: application/x-www-form-urlencoded
> Expect: 100-continue
> 
{ [5 bytes data]
< HTTP/1.1 100 Continue
} [5 bytes data]
* We are completely uploaded and fine
{ [5 bytes data]
< HTTP/1.1 400 Bad Request
< Date: Tue, 20 Jun 2023 15:10:12 GMT
< Server: Apache
< Content-Type: text/html;charset=utf-8
< Content-Length: 733
< X-Rest-Status: 302
< X-Error-Http: 400
< X-Error-Id: 686f4cd9627066029c0e54de4b84a664
< X-Error-Detail: Invalid input parameter
< X-Error-Info: Incorrect 'asyncdest' parameter <class 'str'> T2_CERN_CH
< X-Rest-Time: 5648.136 us
< CMS-Server-Time: D=13786 t=1687273812874020
< Connection: close
< 
{ [5 bytes data]
100 13684  100   733  100 12951  17046   294k --:--:-- --:--:-- --:--:--  310k
* Closing connection 0
} [5 bytes data]
* TLSv1.2 (OUT), TLS alert, Client hello (1):
} [2 bytes data]
<!DOCTYPE html PUBLIC
"-//W3C//DTD XHTML 1.0 Transitional//EN"
"http://www.w3.org/TR/xhtml1/DTD/xhtml1-transitional.dtd">
<html>
<head>
    <meta http-equiv="Content-Type" content="text/html; charset=utf-8"></meta>
    <title>400 Bad Request</title>
    <style type="text/css">
    #powered_by {
        margin-top: 20px;
        border-top: 2px solid black;
        font-style: italic;
    }

    #traceback {
        color: red;
    }
    </style>
</head>
    <body>
        <h2>400 Bad Request</h2>
        <p>Invalid input parameter</p>
        <pre id="traceback"></pre>
    <div id="powered_by">
      <span>
        Powered by <a href="http://www.cherrypy.dev">CherryPy 18.8.0</a>
      </span>
    </div>
    </body>
</html>

*** Done with Sample JetHT2016 ***




*** Sample JetHT2017 ***

*** Submitting JetHT_Run2017D: /JetHT/Run2017D-UL2017_MiniAODv2-v1/MINIAOD
DEBUG : outLFNDirBase = /store/group/phys_higgs/cmshgg/zhenxuan/v2_3/2017/JetHT2017
from WMCore.Configuration import Configuration
config = Configuration()
config.section_('General')
config.General.workArea = 'crab/pfnano_v2_3/'
config.General.transferOutputs = True
config.General.transferLogs = True
config.General.requestName = 'pfnano_v2_3_2017_JetHT_Run2017D'
config.section_('JobType')
config.JobType.numCores = 4
config.JobType.maxMemoryMB = 8000
config.JobType.pyCfgParams = ['isMC=False', 'reportEvery=1000', 'tag=v2_3', 'globalTag=106X_dataRun2_v35']
config.JobType.pluginName = 'Analysis'
config.JobType.allowUndistributedCMSSW = True
config.JobType.psetName = '/eos/home-z/zhenxuan/CMSSW_10_6_26_prod/src/PhysicsTools/PFNano/test/ak15/nano_data_2017_UL_NANO.py'
config.section_('Data')
config.Data.inputDataset = '/JetHT/Run2017D-UL2017_MiniAODv2-v1/MINIAOD'
config.Data.outputDatasetTag = 'JetHT_Run2017D'
config.Data.publication = True
config.Data.unitsPerJob = 2
config.Data.inputDBS = 'global'
config.Data.splitting = 'FileBased'
config.Data.outLFNDirBase = '/store/group/phys_higgs/cmshgg/zhenxuan/v2_3/2017/JetHT2017'
config.Data.lumiMask = 'https://cms-service-dqmdc.web.cern.ch/CAF/certification/Collisions17/13TeV/Legacy_2017/Cert_294927-306462_13TeV_UL2017_Collisions17_GoldenJSON.txt'
config.Data.totalUnits = 20
config.section_('Site')
config.Site.storageSite = 'T2_CERN_CH'
config.section_('User')
config.section_('Debug')

DEBUG : In submit()
Importing CMSSW configuration /eos/home-z/zhenxuan/CMSSW_10_6_26_prod/src/PhysicsTools/PFNano/test/ak15/nano_data_2017_UL_NANO.py
**************************************************************
b tagging needs to be run on uncorrected jets. Hence, the JECs
will first be undone for 'updatedPatJetsAK15' and then applied to
'updatedPatJetsTransientCorrectedAK15'.
**************************************************************
**************************************************************
b tagging needs to be run on uncorrected jets. Hence, the JECs
will first be undone for 'updatedPatJetsWithDeepInfo' and then applied to
'updatedPatJetsTransientCorrectedWithDeepInfo'.
**************************************************************
**************************************************************
b tagging needs to be run on uncorrected jets. Hence, the JECs
will first be undone for 'updatedPatJetsSoftDropSubjetsPFAK8SubjetsWithDeepInfo' and then applied to
'updatedPatJetsTransientCorrectedSoftDropSubjetsPFAK8SubjetsWithDeepInfo'.
**************************************************************
**************************************************************
b tagging needs to be run on uncorrected jets. Hence, the JECs
will first be undone for 'updatedPatJetsSoftDropSubjetsPFAK15SubjetsWithDeepInfo' and then applied to
'updatedPatJetsTransientCorrectedSoftDropSubjetsPFAK15SubjetsWithDeepInfo'.
**************************************************************
Finished importing CMSSW configuration /eos/home-z/zhenxuan/CMSSW_10_6_26_prod/src/PhysicsTools/PFNano/test/ak15/nano_data_2017_UL_NANO.py
You are requesting more than 1 core per job. Please make sure that your multi-threaded code is thread-safe and CPU-efficient, and request the correct amount of memory since the default 'maxMemoryMB' value is meant for single core jobs.
Sending the request to the server at cmsweb.cern.ch
Fatal error trying to connect to https://cmsweb.cern.ch:8443/crabserver/prod/workflow using maxjobruntime=1250&lfn=%2Fstore%2Fgroup%2Fphys_higgs%2Fcmshgg%2Fzhenxuan%2Fv2_3%2F2017%2FJetHT2017&savelogsflag=1&useparent=0&asyncdest=T2_CERN_CH&algoargs=2&cachefilename=e091f19faa4943fccd57ce5a9caadbf827c76f8c5d878e7b4245546f992773b3.tar.gz&numcores=4&generator=pythia&maxmemory=8000&partialdataset=0&publishdbsurl=https%3A%2F%2Fcmsweb.cern.ch%2Fdbs%2Fprod%2Fphys03%2FDBSWriter&priority=10&jobsw=CMSSW_10_6_26&primarydataset=&inputdata=%2FJetHT%2FRun2017D-UL2017_MiniAODv2-v1%2FMINIAOD&ignorelocality=0&dryrun=0&workflow=crab_pfnano_v2_3_2017_JetHT_Run2017D&cacheurl=https%3A%2F%2Fcmsweb.cern.ch%2FS3%2Fcrabcache_prod&nonprodsw=1&oneEventMode=0&debugfilename=595a360f8dd63c304ca0c4fec253bc019072f49d338379b4b599beb8e230d819.tar.gz&saveoutput=1&publication=1&jobarch=slc7_amd64_gcc700&totalunits=20&splitalgo=FileBased&ignoreglobalblacklist=0&nonvaliddata=0&dbsurl=https%3A%2F%2Fcmsweb.cern.ch%2Fdbs%2Fprod%2Fglobal%2FDBSReader&jobtype=Analysis&requireaccelerator=0&publishname2=JetHT_Run2017D&edmoutfiles=nano_data2017.root&runs=297050&runs=297056&runs=297057&runs=297099&runs=297100&runs=297101&runs=297113&runs=297114&runs=297175&runs=297176&runs=297177&runs=297178&runs=297179&runs=297215&runs=297218&runs=297219&runs=297224&runs=297225&runs=297227&runs=297292&runs=297293&runs=297296&runs=297308&runs=297359&runs=297411&runs=297424&runs=297425&runs=297426&runs=297429&runs=297430&runs=297431&runs=297432&runs=297433&runs=297434&runs=297435&runs=297467&runs=297468&runs=297469&runs=297483&runs=297484&runs=297485&runs=297486&runs=297487&runs=297488&runs=297503&runs=297504&runs=297505&runs=297557&runs=297558&runs=297562&runs=297563&runs=297598&runs=297599&runs=297603&runs=297604&runs=297605&runs=297606&runs=297620&runs=297656&runs=297665&runs=297666&runs=297670&runs=297674&runs=297675&runs=297722&runs=297723&runs=298996&runs=298997&runs=299000&runs=299042&runs=299061&runs=299062&runs=299064&runs=299065&runs=299067&runs=299096&runs=299149&runs=299178&runs=299180&runs=299184&runs=299185&runs=299327&runs=299329&runs=299368&runs=299369&runs=299370&runs=299380&runs=299381&runs=299394&runs=299395&runs=299396&runs=299420&runs=299443&runs=299450&runs=299477&runs=299478&runs=299479&runs=299480&runs=299481&runs=299593&runs=299594&runs=299595&runs=299597&runs=299649&runs=300087&runs=300105&runs=300106&runs=300107&runs=300117&runs=300122&runs=300123&runs=300155&runs=300156&runs=300157&runs=300226&runs=300233&runs=300234&runs=300235&runs=300236&runs=300237&runs=300238&runs=300239&runs=300240&runs=300280&runs=300281&runs=300282&runs=300283&runs=300284&runs=300364&runs=300372&runs=300375&runs=300389&runs=300399&runs=300400&runs=300401&runs=300459&runs=300461&runs=300462&runs=300463&runs=300464&runs=300466&runs=300467&runs=300497&runs=300514&runs=300515&runs=300516&runs=300517&runs=300558&runs=300560&runs=300574&runs=300575&runs=300576&runs=300631&runs=300632&runs=300633&runs=300635&runs=300636&runs=300673&runs=300674&runs=300675&runs=300676&runs=300742&runs=300777&runs=300780&runs=300785&runs=300806&runs=300811&runs=300812&runs=300816&runs=300817&runs=301046&runs=301141&runs=301142&runs=301161&runs=301165&runs=301179&runs=301180&runs=301183&runs=301281&runs=301283&runs=301298&runs=301323&runs=301330&runs=301359&runs=301384&runs=301391&runs=301392&runs=301393&runs=301396&runs=301397&runs=301398&runs=301399&runs=301417&runs=301447&runs=301448&runs=301449&runs=301450&runs=301461&runs=301472&runs=301475&runs=301476&runs=301519&runs=301524&runs=301529&runs=301530&runs=301531&runs=301532&runs=301567&runs=301627&runs=301664&runs=301665&runs=301694&runs=301912&runs=301913&runs=301914&runs=301941&runs=301959&runs=301960&runs=301970&runs=301984&runs=301985&runs=301986&runs=301987&runs=301997&runs=301998&runs=302019&runs=302026&runs=302029&runs=302031&runs=302033&runs=302034&runs=302037&runs=302038&runs=302040&runs=302041&runs=302042&runs=302043&runs=302131&runs=302159&runs=302163&runs=302165&runs=302166&runs=302225&runs=302228&runs=302229&runs=302240&runs=302262&runs=302263&runs=302277&runs=302279&runs=302280&runs=302322&runs=302328&runs=302337&runs=302342&runs=302343&runs=302344&runs=302350&runs=302388&runs=302392&runs=302393&runs=302448&runs=302472&runs=302473&runs=302474&runs=302475&runs=302476&runs=302479&runs=302484&runs=302485&runs=302492&runs=302493&runs=302494&runs=302509&runs=302513&runs=302522&runs=302523&runs=302525&runs=302526&runs=302548&runs=302551&runs=302553&runs=302554&runs=302555&runs=302563&runs=302565&runs=302572&runs=302573&runs=302596&runs=302597&runs=302634&runs=302635&runs=302651&runs=302654&runs=302661&runs=302663&runs=303825&runs=303832&runs=303838&runs=303885&runs=303948&runs=303998&runs=303999&runs=304000&runs=304062&runs=304119&runs=304120&runs=304125&runs=304144&runs=304158&runs=304169&runs=304170&runs=304199&runs=304200&runs=304204&runs=304209&runs=304291&runs=304292&runs=304333&runs=304354&runs=304366&runs=304446&runs=304447&runs=304451&runs=304505&runs=304506&runs=304507&runs=304508&runs=304562&runs=304616&runs=304625&runs=304626&runs=304654&runs=304655&runs=304661&runs=304662&runs=304663&runs=304671&runs=304672&runs=304737&runs=304738&runs=304739&runs=304740&runs=304776&runs=304777&runs=304778&runs=304797&runs=305044&runs=305045&runs=305046&runs=305059&runs=305062&runs=305063&runs=305064&runs=305081&runs=305112&runs=305113&runs=305114&runs=305178&runs=305179&runs=305180&runs=305181&runs=305182&runs=305183&runs=305184&runs=305186&runs=305188&runs=305202&runs=305204&runs=305207&runs=305208&runs=305234&runs=305236&runs=305237&runs=305247&runs=305248&runs=305252&runs=305282&runs=305310&runs=305311&runs=305312&runs=305313&runs=305314&runs=305336&runs=305338&runs=305341&runs=305349&runs=305350&runs=305351&runs=305358&runs=305364&runs=305365&runs=305366&runs=305376&runs=305377&runs=305405&runs=305406&runs=305440&runs=305441&runs=305516&runs=305517&runs=305518&runs=305586&runs=305589&runs=305590&runs=305636&runs=305766&runs=305809&runs=305814&runs=305821&runs=305832&runs=305840&runs=305842&runs=305862&runs=305898&runs=305902&runs=305967&runs=306029&runs=306030&runs=306036&runs=306037&runs=306038&runs=306041&runs=306042&runs=306048&runs=306049&runs=306051&runs=306091&runs=306092&runs=306095&runs=306121&runs=306122&runs=306125&runs=306126&runs=306134&runs=306135&runs=306138&runs=306139&runs=306153&runs=306154&runs=306155&runs=306169&runs=306170&runs=306171&runs=306418&runs=306419&runs=306420&runs=306422&runs=306423&runs=306432&runs=306454&runs=306455&runs=306456&runs=306457&runs=306458&runs=306459&runs=306460&lumis=12%2C137%2C193%2C776&lumis=12%2C203&lumis=1%2C4%2C14%2C105%2C112%2C377%2C385%2C418%2C424%2C509%2C516%2C906&lumis=24%2C62&lumis=1%2C15%2C21%2C369%2C375%2C381&lumis=1%2C668%2C673%2C697%2C700%2C856%2C862%2C937%2C943%2C1101&lumis=1%2C204%2C211%2C252&lumis=1%2C99%2C106%2C161&lumis=1%2C85&lumis=11%2C120%2C125%2C214&lumis=1%2C162&lumis=1%2C54%2C59%2C334%2C342%2C749%2C754%2C967%2C972%2C1037%2C1043%2C1264%2C1272%2C1282%2C1290%2C1385&lumis=1%2C6%2C12%2C97&lumis=1%2C47&lumis=1%2C27&lumis=1%2C80%2C85%2C281%2C288%2C579%2C585%2C916%2C921%2C1429%2C1436%2C2004%2C2010%2C2638&lumis=10%2C19%2C24%2C138&lumis=1%2C32&lumis=9%2C192&lumis=1%2C125%2C130%2C131%2C136%2C667%2C675%2C753&lumis=1%2C121%2C127%2C150&lumis=1%2C236%2C240%2C401%2C406%2C418%2C425%2C497&lumis=1%2C44&lumis=39%2C70%2C164%2C180&lumis=32%2C737%2C740%2C800%2C807%2C950&lumis=32%2C149&lumis=1%2C107%2C112%2C157&lumis=1%2C28%2C34%2C84%2C90%2C111&lumis=1%2C72&lumis=1%2C199&lumis=1%2C49%2C55%2C64%2C71%2C188&lumis=1%2C112&lumis=1%2C159&lumis=1%2C161&lumis=1%2C94&lumis=50%2C138&lumis=1%2C74&lumis=1%2C4%2C9%2C70&lumis=37%2C68%2C71%2C201%2C206%2C214&lumis=1%2C47%2C53%2C208%2C214%2C214&lumis=1%2C16%2C23%2C253%2C258%2C299%2C302%2C314%2C321%2C420&lumis=1%2C74%2C79%2C598%2C603%2C625&lumis=1%2C433%2C439%2C491%2C495%2C603%2C609%2C613&lumis=1%2C73%2C80%2C424&lumis=5%2C275%2C282%2C559%2C566%2C606%2C612%2C635%2C642%2C772%2C777%2C779&lumis=1%2C41%2C125%2C136&lumis=1%2C394&lumis=8%2C28%2C67%2C113%2C119%2C167%2C173%2C174%2C180%2C394&lumis=9%2C266&lumis=1%2C69%2C120%2C369&lumis=1%2C254%2C260%2C264&lumis=17%2C17%2C22%2C33&lumis=1%2C169%2C211%2C225%2C230%2C312%2C319%2C385%2C395%2C407&lumis=1%2C420&lumis=1%2C126%2C131%2C272%2C279%2C375%2C381%2C407&lumis=1%2C6%2C13%2C20%2C24%2C89%2C95%2C223%2C257%2C407&lumis=1%2C94%2C99%2C231&lumis=32%2C318&lumis=64%2C116%2C123%2C135%2C140%2C230%2C269%2C307%2C313%2C330%2C341%2C388%2C393%2C433&lumis=1%2C153%2C159%2C209%2C214%2C279&lumis=1%2C11%2C17%2C81%2C86%2C121&lumis=21%2C34&lumis=3%2C102%2C108%2C188&lumis=1%2C123%2C129%2C239%2C244%2C328%2C334%2C467%2C470%2C471&lumis=55%2C160%2C165%2C353&lumis=1%2C13%2C51%2C222&lumis=33%2C216&lumis=1%2C37%2C47%2C47&lumis=4%2C77&lumis=33%2C55&lumis=38%2C355&lumis=1%2C163%2C166%2C303&lumis=7%2C85&lumis=13%2C248%2C251%2C342&lumis=1%2C459&lumis=2%2C97&lumis=29%2C470&lumis=37%2C56%2C58%2C111&lumis=5%2C98&lumis=1%2C561&lumis=1%2C120&lumis=1%2C72&lumis=1%2C172&lumis=37%2C175&lumis=1%2C303&lumis=1%2C7%2C47%2C705&lumis=34%2C227&lumis=1%2C45&lumis=5%2C33&lumis=1%2C187&lumis=1%2C81&lumis=2%2C50&lumis=145%2C164&lumis=39%2C88&lumis=39%2C42%2C82%2C87&lumis=1%2C175&lumis=1%2C123&lumis=1%2C6%2C8%2C715&lumis=1%2C196%2C199%2C236%2C260%2C479%2C487%2C940%2C943%2C1037%2C1061%2C1257&lumis=95%2C177%2C179%2C896&lumis=1%2C317&lumis=1%2C134%2C138%2C138&lumis=3%2C91%2C93%2C540&lumis=151%2C332&lumis=36%2C59%2C61%2C126%2C128%2C216%2C218%2C239&lumis=1%2C21&lumis=1%2C74&lumis=1%2C28%2C30%2C47&lumis=35%2C67&lumis=46%2C730%2C735%2C924%2C927%2C1295&lumis=1%2C384%2C387%2C612&lumis=35%2C1229&lumis=1%2C72&lumis=9%2C1107&lumis=43%2C448&lumis=43%2C162&lumis=1%2C59&lumis=1%2C187&lumis=11%2C187&lumis=1%2C713%2C716%2C717&lumis=30%2C58%2C62%2C329&lumis=1%2C145%2C148%2C167%2C171%2C213&lumis=1%2C7%2C11%2C46%2C51%2C362&lumis=52%2C56%2C61%2C69%2C73%2C150%2C155%2C165%2C178%2C198%2C207%2C222%2C226%2C251%2C255%2C268%2C275%2C345%2C349%2C370%2C381%2C548%2C553%2C607%2C617%2C639%2C663%2C691&lumis=3%2C8&lumis=1%2C9%2C13%2C59%2C73%2C92%2C97%2C114%2C142%2C151%2C156%2C186&lumis=1%2C34&lumis=1%2C22%2C38%2C47%2C50%2C82%2C90%2C98%2C108%2C130%2C133%2C152%2C156%2C250%2C260%2C414%2C420%2C561%2C568%2C585%2C590%2C680%2C691%2C751&lumis=27%2C46&lumis=1%2C8&lumis=1%2C93&lumis=1%2C1%2C4%2C5%2C8%2C8%2C11%2C20%2C23%2C39%2C60%2C149&lumis=1%2C20&lumis=1%2C677&lumis=19%2C673&lumis=40%2C332&lumis=1%2C98&lumis=1%2C97&lumis=1%2C124&lumis=1%2C103%2C126%2C265&lumis=1%2C650&lumis=1%2C563&lumis=26%2C175&lumis=38%2C150&lumis=1%2C838%2C957%2C1013&lumis=1%2C111&lumis=1%2C8%2C103%2C623&lumis=8%2C548&lumis=1%2C640%2C645%2C844&lumis=15%2C111&lumis=1%2C82&lumis=7%2C123%2C125%2C1206&lumis=41%2C49%2C63%2C66%2C75%2C226&lumis=1%2C21&lumis=1%2C447&lumis=1%2C23%2C26%2C176&lumis=1%2C335%2C338%2C1572&lumis=41%2C47%2C49%2C49%2C52%2C56%2C59%2C66&lumis=1%2C33&lumis=1%2C33&lumis=1%2C26&lumis=56%2C343&lumis=21%2C509&lumis=3%2C341&lumis=1%2C549%2C552%2C750%2C752%2C1201%2C1219%2C1272&lumis=36%2C214&lumis=6%2C508&lumis=1%2C59&lumis=6%2C161&lumis=1%2C33%2C36%2C74%2C80%2C383%2C410%2C493&lumis=162%2C223&lumis=25%2C31&lumis=1%2C897&lumis=36%2C805&lumis=1%2C145&lumis=35%2C59&lumis=1%2C97&lumis=3%2C10%2C13%2C303&lumis=38%2C157&lumis=3%2C886&lumis=45%2C949&lumis=35%2C474%2C477%2C990&lumis=22%2C353&lumis=33%2C319&lumis=1%2C476&lumis=38%2C214&lumis=1%2C627&lumis=2%2C18&lumis=1%2C33&lumis=1%2C228%2C231%2C517%2C519%2C728&lumis=1%2C9&lumis=1%2C108&lumis=50%2C367&lumis=86%2C96%2C99%2C400%2C404%2C512&lumis=1%2C329&lumis=1%2C404&lumis=1%2C173&lumis=28%2C581&lumis=35%2C830&lumis=1%2C18&lumis=1%2C844&lumis=42%2C250&lumis=1%2C110%2C117%2C263&lumis=1%2C49&lumis=1%2C110&lumis=1%2C394&lumis=1%2C611&lumis=14%2C372&lumis=57%2C943&lumis=28%2C445&lumis=1%2C294%2C319%2C487&lumis=36%2C102&lumis=43%2C52%2C101%2C422&lumis=1%2C58&lumis=1%2C350&lumis=31%2C568&lumis=30%2C1938&lumis=1%2C147&lumis=6%2C123&lumis=17%2C317&lumis=1%2C367&lumis=1%2C381&lumis=1%2C1128&lumis=37%2C407&lumis=1%2C1704&lumis=34%2C86&lumis=24%2C53%2C66%2C72&lumis=1%2C98&lumis=1%2C401%2C403%2C446%2C448%2C675%2C678%2C818&lumis=1%2C40%2C44%2C46&lumis=1%2C20&lumis=18%2C20&lumis=10%2C10&lumis=1%2C174&lumis=1%2C72&lumis=1%2C523&lumis=1%2C228&lumis=71%2C943&lumis=33%2C140&lumis=32%2C671%2C674%2C1230&lumis=1%2C85&lumis=1%2C16&lumis=54%2C133%2C136%2C923&lumis=58%2C78%2C81%2C293&lumis=1%2C457&lumis=1%2C960&lumis=37%2C471&lumis=1%2C1250&lumis=15%2C17%2C22%2C192%2C194%2C391&lumis=1%2C71&lumis=1%2C152&lumis=33%2C870&lumis=42%2C722&lumis=27%2C162&lumis=19%2C72&lumis=1%2C98&lumis=3%2C482&lumis=1%2C136&lumis=27%2C157%2C164%2C717&lumis=45%2C407&lumis=1%2C887&lumis=21%2C312%2C317%2C442%2C445%2C483%2C486%2C1926&lumis=28%2C808&lumis=1%2C368%2C398%2C406&lumis=1%2C305&lumis=1%2C7&lumis=1%2C259&lumis=30%2C222%2C225%2C340&lumis=8%2C176&lumis=1%2C922&lumis=10%2C21%2C23%2C59&lumis=1%2C7&lumis=1%2C618&lumis=73%2C92&lumis=37%2C89&lumis=29%2C46&lumis=1%2C59&lumis=1%2C677%2C747%2C778&lumis=1%2C582&lumis=40%2C124&lumis=1%2C7&lumis=1%2C188&lumis=1%2C7&lumis=1%2C11&lumis=40%2C46&lumis=1%2C7&lumis=6%2C291&lumis=1%2C693%2C730%2C1285&lumis=47%2C534%2C545%2C705%2C710%2C986&lumis=1%2C1054&lumis=37%2C73%2C75%2C123%2C125%2C129%2C133%2C165%2C168%2C175%2C177%2C216%2C218%2C358%2C361%2C375%2C378%2C404%2C407%2C423%2C425%2C503%2C505%2C578%2C581%2C594%2C596%2C638&lumis=1%2C22%2C24%2C28%2C30%2C39%2C41%2C53%2C55%2C132%2C134%2C144%2C146%2C265%2C267%2C271%2C274%2C344%2C347%2C357%2C359%2C375%2C378%2C384%2C386%2C414%2C416%2C494%2C497%2C608%2C611%2C634%2C637%2C684%2C687%2C706%2C708%2C724%2C726%2C901%2C904%2C954%2C957%2C982%2C984%2C1072%2C1075%2C1124%2C1126%2C1129%2C1132%2C1206%2C1209%2C1234%2C1236%2C1291&lumis=1%2C149&lumis=1%2C317&lumis=1%2C72&lumis=1%2C706&lumis=1%2C180&lumis=54%2C1334%2C1338%2C1913&lumis=54%2C54%2C83%2C2044&lumis=60%2C2052&lumis=55%2C1678&lumis=58%2C319&lumis=1%2C751&lumis=1%2C56&lumis=54%2C2014&lumis=71%2C138%2C143%2C150&lumis=1%2C253&lumis=1%2C1769&lumis=76%2C2596%2C2598%2C2656&lumis=165%2C1750%2C1752%2C2087&lumis=50%2C1714%2C1731%2C1733&lumis=1%2C620&lumis=10%2C18&lumis=1%2C321&lumis=55%2C607&lumis=52%2C98%2C100%2C133%2C135%2C157%2C176%2C253%2C255%2C477&lumis=56%2C85&lumis=1%2C1125%2C1183%2C1779%2C1781%2C1811&lumis=74%2C1653&lumis=82%2C295&lumis=44%2C1387%2C1390%2C1396%2C1399%2C1402%2C1404%2C1407%2C1409%2C1412%2C1414%2C1416%2C1419%2C1421%2C1424%2C1873&lumis=40%2C92%2C110%2C111&lumis=1%2C534%2C540%2C1644&lumis=1%2C60&lumis=60%2C86&lumis=1%2C370&lumis=1%2C239&lumis=1%2C1324&lumis=52%2C56%2C60%2C848&lumis=52%2C223%2C227%2C740%2C747%2C1002&lumis=73%2C536&lumis=1%2C8&lumis=53%2C704&lumis=1%2C1194&lumis=53%2C67%2C69%2C143%2C147%2C173%2C175%2C198%2C237%2C240&lumis=1%2C150&lumis=1%2C689&lumis=51%2C1193&lumis=1%2C60&lumis=69%2C149&lumis=1%2C1681&lumis=3%2C16&lumis=1%2C278&lumis=49%2C98&lumis=1%2C431%2C438%2C510&lumis=4%2C1300&lumis=28%2C87%2C91%2C306%2C308%2C377%2C385%2C1202%2C1205%2C2950&lumis=3%2C203%2C302%2C306%2C309%2C310%2C313%2C313%2C318%2C330&lumis=1%2C873&lumis=1%2C667%2C671%2C686&lumis=63%2C518%2C520%2C575&lumis=1%2C8&lumis=1%2C35&lumis=1%2C2045&lumis=52%2C1107&lumis=68%2C1527&lumis=9%2C72&lumis=1%2C526&lumis=69%2C124&lumis=1%2C21&lumis=1%2C9&lumis=1%2C8&lumis=1%2C8&lumis=1%2C231%2C262%2C266&lumis=1%2C8&lumis=1%2C112%2C120%2C422&lumis=1%2C1002&lumis=74%2C132%2C136%2C729&lumis=1%2C1229&lumis=52%2C1077&lumis=1%2C372&lumis=52%2C99&lumis=1%2C23&lumis=1%2C16%2C18%2C1147&lumis=57%2C433&lumis=1%2C957&lumis=1%2C548&lumis=75%2C207&lumis=60%2C157%2C163%2C458&lumis=1%2C153&lumis=1%2C227&lumis=1%2C741&lumis=1%2C404&lumis=36%2C241&lumis=1%2C107&lumis=1%2C503&lumis=1%2C34&lumis=1%2C21&lumis=1%2C868&lumis=91%2C231%2C233%2C253&lumis=50%2C147&lumis=1%2C668%2C676%2C832&lumis=1%2C721%2C724%2C756%2C769%2C934%2C936%2C1254&lumis=71%2C168&lumis=9%2C1292%2C1294%2C1383%2C1386%2C1525&lumis=44%2C536%2C573%2C575&lumis=1%2C394%2C401%2C520%2C528%2C535%2C540%2C1475&lumis=20%2C291&lumis=1%2C121&lumis=46%2C518%2C558%2C639&lumis=1%2C163&lumis=1%2C1134&lumis=53%2C583&lumis=1%2C691&lumis=1%2C500%2C517%2C1020&lumis=60%2C339%2C342%2C667%2C671%2C2390&lumis=55%2C902&lumis=56%2C197&lumis=85%2C689%2C692%2C978%2C980%2C1074%2C1077%2C1912&lumis=59%2C830&lumis=87%2C266&lumis=1%2C1144&lumis=1%2C862&lumis=81%2C705&lumis=70%2C780&lumis=53%2C521&lumis=1%2C32&lumis=63%2C96&lumis=1%2C110&lumis=60%2C63&lumis=1%2C49&lumis=1%2C139&lumis=1%2C320&lumis=1%2C371&lumis=1%2C140&lumis=1%2C358&lumis=1%2C415&lumis=422%2C629&lumis=1%2C588%2C593%2C976&lumis=1%2C300&lumis=57%2C152&lumis=1%2C127&lumis=1%2C756%2C770%2C2642%2C2667%2C3007&lumis=1%2C497&lumis=53%2C84&lumis=1%2C1095&lumis=1%2C1298&lumis=1%2C1112&lumis=78%2C165&lumis=1%2C251%2C253%2C691%2C709%2C1233&lumis=1%2C1440&lumis=1%2C745&lumis=1%2C22&lumis=1%2C503&lumis=1%2C33%2C35%2C75&lumis=1%2C62&lumis=1%2C108&lumis=9%2C126&lumis=1%2C333&lumis=1%2C339&lumis=13%2C101&lumis=1%2C11&lumis=1%2C237%2C239%2C787&lumis=1%2C31&lumis=1%2C17%2C20%2C35%2C37%2C41%2C43%2C47%2C49%2C53%2C56%2C60%2C62%2C66%2C68%2C72%2C74%2C77%2C79%2C83%2C85%2C89%2C93%2C102%2C104%2C108%2C110%2C114%2C116%2C120%2C122%2C126%2C129%2C139%2C141%2C145%2C147%2C151%2C153%2C166%2C169%2C173%2C175%2C179%2C181%2C185%2C187%2C191%2C193%2C197%2C200%2C210%2C212%2C216%2C218%2C222%2C225%2C229%2C231%2C235%2C237%2C241%2C243%2C247%2C249%2C249%2C252%2C256%2C258%2C268&lumis=1%2C512%2C514%2C2275&lumis=1%2C73.
Failed submitting task:   % Total    % Received % Xferd  Average Speed   Time    Time     Time  Current
                                 Dload  Upload   Total   Spent    Left  Speed
  0     0    0     0    0     0      0      0 --:--:-- --:--:-- --:--:--     0*   Trying 188.184.75.82...
* TCP_NODELAY set
* Connected to cmsweb.cern.ch (188.184.75.82) port 8443 (#0)
* ALPN, offering http/1.1
* Cipher selection: ALL:!EXPORT:!EXPORT40:!EXPORT56:!aNULL:!LOW:!RC4:@STRENGTH
* successfully set certificate verify locations:
  CAfile: /etc/pki/tls/certs/ca-bundle.crt
  CApath: /etc/grid-security/certificates/
* TLSv1.2 (OUT), TLS header, Certificate Status (22):
} [5 bytes data]
* TLSv1.2 (OUT), TLS handshake, Client hello (1):
} [512 bytes data]
* TLSv1.2 (IN), TLS handshake, Server hello (2):
{ [109 bytes data]
* TLSv1.2 (IN), TLS handshake, Certificate (11):
{ [6240 bytes data]
* TLSv1.2 (IN), TLS handshake, Server key exchange (12):
{ [333 bytes data]
* TLSv1.2 (IN), TLS handshake, Request CERT (13):
{ [13122 bytes data]
* TLSv1.2 (IN), TLS handshake, Server finished (14):
{ [4 bytes data]
* TLSv1.2 (OUT), TLS handshake, Certificate (11):
} [6784 bytes data]
* TLSv1.2 (OUT), TLS handshake, Client key exchange (16):
} [70 bytes data]
* TLSv1.2 (OUT), TLS handshake, CERT verify (15):
} [264 bytes data]
* TLSv1.2 (OUT), TLS change cipher, Client hello (1):
} [1 bytes data]
* TLSv1.2 (OUT), TLS handshake, Finished (20):
} [16 bytes data]
* TLSv1.2 (IN), TLS change cipher, Client hello (1):
{ [1 bytes data]
* TLSv1.2 (IN), TLS handshake, Finished (20):
{ [16 bytes data]
* SSL connection using TLSv1.2 / ECDHE-RSA-AES128-GCM-SHA256
* ALPN, server accepted to use http/1.1
* Server certificate:
*  subject: DC=ch; DC=cern; OU=computers; CN=cmsweb.cern.ch
*  start date: Feb 28 02:56:51 2023 GMT
*  expire date: Apr  3 02:56:51 2024 GMT
*  subjectAltName: host "cmsweb.cern.ch" matched cert's "cmsweb.cern.ch"
*  issuer: DC=ch; DC=cern; CN=CERN Grid Certification Authority
*  SSL certificate verify ok.
} [5 bytes data]
> PUT /crabserver/prod/workflow HTTP/1.1
> Host: cmsweb.cern.ch:8443
> User-Agent: CRABClient/v3.230417
> Accept: */*
> Content-Length: 17144
> Content-Type: application/x-www-form-urlencoded
> Expect: 100-continue
> 
{ [5 bytes data]
< HTTP/1.1 100 Continue
} [5 bytes data]
* We are completely uploaded and fine
{ [5 bytes data]
< HTTP/1.1 400 Bad Request
< Date: Tue, 20 Jun 2023 15:10:40 GMT
< Server: Apache
< Content-Type: text/html;charset=utf-8
< Content-Length: 733
< X-Rest-Status: 302
< X-Error-Http: 400
< X-Error-Id: 2e1b3773bc4495a717e66a0fb55bb0e6
< X-Error-Detail: Invalid input parameter
< X-Error-Info: Incorrect 'asyncdest' parameter <class 'str'> T2_CERN_CH
< X-Rest-Time: 11402.845 us
< CMS-Server-Time: D=20788 t=1687273840419292
< Connection: close
< 
{ [5 bytes data]
100 17877  100   733  100 17144   9905   226k --:--:-- --:--:-- --:--:--  235k
* Closing connection 0
} [5 bytes data]
* TLSv1.2 (OUT), TLS alert, Client hello (1):
} [2 bytes data]
<!DOCTYPE html PUBLIC
"-//W3C//DTD XHTML 1.0 Transitional//EN"
"http://www.w3.org/TR/xhtml1/DTD/xhtml1-transitional.dtd">
<html>
<head>
    <meta http-equiv="Content-Type" content="text/html; charset=utf-8"></meta>
    <title>400 Bad Request</title>
    <style type="text/css">
    #powered_by {
        margin-top: 20px;
        border-top: 2px solid black;
        font-style: italic;
    }

    #traceback {
        color: red;
    }
    </style>
</head>
    <body>
        <h2>400 Bad Request</h2>
        <p>Invalid input parameter</p>
        <pre id="traceback"></pre>
    <div id="powered_by">
      <span>
        Powered by <a href="http://www.cherrypy.dev">CherryPy 18.8.0</a>
      </span>
    </div>
    </body>
</html>

*** Done with Sample JetHT2017 ***




*** Sample JetHT2018 ***

*** Submitting JetHT_Run2018C: /JetHT/Run2018C-UL2018_MiniAODv2-v1/MINIAOD
DEBUG : outLFNDirBase = /store/group/phys_higgs/cmshgg/zhenxuan/v2_3/2018/JetHT2018
from WMCore.Configuration import Configuration
config = Configuration()
config.section_('General')
config.General.workArea = 'crab/pfnano_v2_3/'
config.General.transferOutputs = True
config.General.transferLogs = True
config.General.requestName = 'pfnano_v2_3_2018_JetHT_Run2018C'
config.section_('JobType')
config.JobType.numCores = 4
config.JobType.maxMemoryMB = 8000
config.JobType.pyCfgParams = ['isMC=False', 'reportEvery=1000', 'tag=v2_3', 'globalTag=106X_dataRun2_v35']
config.JobType.pluginName = 'Analysis'
config.JobType.allowUndistributedCMSSW = True
config.JobType.psetName = '/eos/home-z/zhenxuan/CMSSW_10_6_26_prod/src/PhysicsTools/PFNano/test/ak15/nano_data_2018_UL_NANO.py'
config.section_('Data')
config.Data.inputDataset = '/JetHT/Run2018C-UL2018_MiniAODv2-v1/MINIAOD'
config.Data.outputDatasetTag = 'JetHT_Run2018C'
config.Data.publication = True
config.Data.unitsPerJob = 2
config.Data.inputDBS = 'global'
config.Data.splitting = 'FileBased'
config.Data.outLFNDirBase = '/store/group/phys_higgs/cmshgg/zhenxuan/v2_3/2018/JetHT2018'
config.Data.lumiMask = 'https://cms-service-dqmdc.web.cern.ch/CAF/certification/Collisions18/13TeV/Legacy_2018/Cert_314472-325175_13TeV_Legacy2018_Collisions18_JSON.txt'
config.Data.totalUnits = 20
config.section_('Site')
config.Site.storageSite = 'T2_CERN_CH'
config.section_('User')
config.section_('Debug')

DEBUG : In submit()
Importing CMSSW configuration /eos/home-z/zhenxuan/CMSSW_10_6_26_prod/src/PhysicsTools/PFNano/test/ak15/nano_data_2018_UL_NANO.py
**************************************************************
b tagging needs to be run on uncorrected jets. Hence, the JECs
will first be undone for 'updatedPatJetsAK15' and then applied to
'updatedPatJetsTransientCorrectedAK15'.
**************************************************************
**************************************************************
b tagging needs to be run on uncorrected jets. Hence, the JECs
will first be undone for 'updatedPatJetsWithDeepInfo' and then applied to
'updatedPatJetsTransientCorrectedWithDeepInfo'.
**************************************************************
**************************************************************
b tagging needs to be run on uncorrected jets. Hence, the JECs
will first be undone for 'updatedPatJetsSoftDropSubjetsPFAK8SubjetsWithDeepInfo' and then applied to
'updatedPatJetsTransientCorrectedSoftDropSubjetsPFAK8SubjetsWithDeepInfo'.
**************************************************************
**************************************************************
b tagging needs to be run on uncorrected jets. Hence, the JECs
will first be undone for 'updatedPatJetsSoftDropSubjetsPFAK15SubjetsWithDeepInfo' and then applied to
'updatedPatJetsTransientCorrectedSoftDropSubjetsPFAK15SubjetsWithDeepInfo'.
**************************************************************
Finished importing CMSSW configuration /eos/home-z/zhenxuan/CMSSW_10_6_26_prod/src/PhysicsTools/PFNano/test/ak15/nano_data_2018_UL_NANO.py
You are requesting more than 1 core per job. Please make sure that your multi-threaded code is thread-safe and CPU-efficient, and request the correct amount of memory since the default 'maxMemoryMB' value is meant for single core jobs.
Sending the request to the server at cmsweb.cern.ch
Fatal error trying to connect to https://cmsweb.cern.ch:8443/crabserver/prod/workflow using maxjobruntime=1250&lfn=%2Fstore%2Fgroup%2Fphys_higgs%2Fcmshgg%2Fzhenxuan%2Fv2_3%2F2018%2FJetHT2018&savelogsflag=1&useparent=0&asyncdest=T2_CERN_CH&algoargs=2&cachefilename=bace11c1d2c162b65b67d0f004be0c3ee10b3a23938e2b56402a66e33ec988a5.tar.gz&numcores=4&generator=pythia&maxmemory=8000&partialdataset=0&publishdbsurl=https%3A%2F%2Fcmsweb.cern.ch%2Fdbs%2Fprod%2Fphys03%2FDBSWriter&priority=10&jobsw=CMSSW_10_6_26&primarydataset=&inputdata=%2FJetHT%2FRun2018C-UL2018_MiniAODv2-v1%2FMINIAOD&ignorelocality=0&dryrun=0&workflow=crab_pfnano_v2_3_2018_JetHT_Run2018C&cacheurl=https%3A%2F%2Fcmsweb.cern.ch%2FS3%2Fcrabcache_prod&nonprodsw=1&oneEventMode=0&debugfilename=2b7dc0d8a2bdc436c7e57467f094d4688bdc2bfa6e872f34e8600364c1fe556b.tar.gz&saveoutput=1&publication=1&jobarch=slc7_amd64_gcc700&totalunits=20&splitalgo=FileBased&ignoreglobalblacklist=0&nonvaliddata=0&dbsurl=https%3A%2F%2Fcmsweb.cern.ch%2Fdbs%2Fprod%2Fglobal%2FDBSReader&jobtype=Analysis&requireaccelerator=0&publishname2=JetHT_Run2018C&edmoutfiles=nano_data2018.root&runs=315257&runs=315259&runs=315264&runs=315265&runs=315267&runs=315270&runs=315322&runs=315339&runs=315357&runs=315361&runs=315363&runs=315366&runs=315420&runs=315488&runs=315489&runs=315490&runs=315506&runs=315510&runs=315512&runs=315543&runs=315555&runs=315556&runs=315557&runs=315640&runs=315641&runs=315642&runs=315644&runs=315645&runs=315646&runs=315647&runs=315648&runs=315689&runs=315690&runs=315702&runs=315703&runs=315704&runs=315705&runs=315713&runs=315721&runs=315741&runs=315764&runs=315770&runs=315784&runs=315785&runs=315786&runs=315790&runs=315800&runs=315801&runs=315840&runs=315973&runs=315974&runs=316058&runs=316059&runs=316060&runs=316061&runs=316062&runs=316082&runs=316110&runs=316111&runs=316113&runs=316114&runs=316153&runs=316186&runs=316187&runs=316199&runs=316200&runs=316201&runs=316202&runs=316216&runs=316217&runs=316218&runs=316219&runs=316239&runs=316240&runs=316241&runs=316271&runs=316361&runs=316362&runs=316363&runs=316377&runs=316378&runs=316379&runs=316380&runs=316455&runs=316457&runs=316469&runs=316470&runs=316472&runs=316505&runs=316569&runs=316590&runs=316613&runs=316615&runs=316666&runs=316667&runs=316700&runs=316701&runs=316702&runs=316715&runs=316716&runs=316717&runs=316718&runs=316719&runs=316720&runs=316721&runs=316722&runs=316723&runs=316758&runs=316766&runs=316876&runs=316877&runs=316879&runs=316928&runs=316985&runs=316993&runs=316994&runs=316995&runs=317080&runs=317087&runs=317089&runs=317182&runs=317212&runs=317213&runs=317279&runs=317291&runs=317292&runs=317297&runs=317319&runs=317320&runs=317338&runs=317339&runs=317340&runs=317382&runs=317383&runs=317391&runs=317392&runs=317435&runs=317438&runs=317475&runs=317478&runs=317484&runs=317488&runs=317527&runs=317591&runs=317626&runs=317640&runs=317641&runs=317648&runs=317649&runs=317650&runs=317661&runs=317663&runs=317683&runs=317696&runs=318733&runs=318828&runs=318872&runs=318874&runs=318876&runs=318877&runs=319077&runs=319337&runs=319347&runs=319348&runs=319349&runs=319449&runs=319450&runs=319456&runs=319459&runs=319486&runs=319503&runs=319524&runs=319526&runs=319528&runs=319579&runs=319625&runs=319639&runs=319656&runs=319657&runs=319658&runs=319659&runs=319678&runs=319687&runs=319697&runs=319698&runs=319756&runs=319840&runs=319841&runs=319847&runs=319848&runs=319849&runs=319851&runs=319853&runs=319854&runs=319908&runs=319909&runs=319910&runs=319912&runs=319913&runs=319914&runs=319915&runs=319941&runs=319942&runs=319950&runs=319991&runs=319992&runs=319993&runs=320002&runs=320006&runs=320010&runs=320011&runs=320012&runs=320023&runs=320024&runs=320025&runs=320026&runs=320038&runs=320039&runs=320040&runs=320059&runs=320060&runs=320061&runs=320062&runs=320063&runs=320064&runs=320065&runs=320673&runs=320674&runs=320688&runs=320712&runs=320757&runs=320804&runs=320807&runs=320809&runs=320821&runs=320822&runs=320823&runs=320824&runs=320838&runs=320840&runs=320841&runs=320853&runs=320854&runs=320855&runs=320856&runs=320857&runs=320858&runs=320859&runs=320887&runs=320888&runs=320916&runs=320917&runs=320920&runs=320933&runs=320934&runs=320936&runs=320941&runs=320980&runs=320995&runs=320996&runs=321004&runs=321005&runs=321006&runs=321007&runs=321009&runs=321010&runs=321011&runs=321012&runs=321051&runs=321055&runs=321067&runs=321068&runs=321069&runs=321119&runs=321121&runs=321122&runs=321124&runs=321126&runs=321134&runs=321138&runs=321140&runs=321149&runs=321165&runs=321166&runs=321167&runs=321177&runs=321178&runs=321218&runs=321219&runs=321221&runs=321230&runs=321231&runs=321232&runs=321233&runs=321262&runs=321283&runs=321294&runs=321295&runs=321296&runs=321305&runs=321311&runs=321312&runs=321313&runs=321393&runs=321396&runs=321397&runs=321414&runs=321415&runs=321431&runs=321432&runs=321433&runs=321434&runs=321436&runs=321457&runs=321461&runs=321475&runs=321710&runs=321712&runs=321730&runs=321732&runs=321735&runs=321755&runs=321758&runs=321760&runs=321773&runs=321774&runs=321775&runs=321776&runs=321777&runs=321778&runs=321780&runs=321781&runs=321813&runs=321815&runs=321817&runs=321818&runs=321820&runs=321831&runs=321832&runs=321833&runs=321834&runs=321879&runs=321880&runs=321887&runs=321908&runs=321909&runs=321917&runs=321919&runs=321933&runs=321960&runs=321961&runs=321973&runs=321975&runs=321988&runs=321990&runs=322013&runs=322014&runs=322022&runs=322040&runs=322057&runs=322068&runs=322079&runs=322106&runs=322113&runs=322118&runs=322179&runs=322201&runs=322204&runs=322222&runs=322252&runs=322317&runs=322319&runs=322322&runs=322324&runs=322332&runs=322348&runs=322355&runs=322356&runs=322381&runs=322407&runs=322430&runs=322431&runs=322480&runs=322492&runs=322510&runs=322599&runs=322602&runs=322603&runs=322605&runs=322617&runs=322625&runs=322633&runs=323414&runs=323423&runs=323470&runs=323471&runs=323472&runs=323473&runs=323474&runs=323475&runs=323487&runs=323488&runs=323492&runs=323493&runs=323495&runs=323524&runs=323525&runs=323526&runs=323693&runs=323696&runs=323702&runs=323725&runs=323726&runs=323727&runs=323755&runs=323775&runs=323778&runs=323790&runs=323794&runs=323841&runs=323857&runs=323940&runs=323954&runs=323976&runs=323978&runs=323980&runs=323983&runs=323997&runs=324021&runs=324022&runs=324077&runs=324201&runs=324202&runs=324205&runs=324206&runs=324207&runs=324209&runs=324237&runs=324245&runs=324293&runs=324315&runs=324318&runs=324420&runs=324729&runs=324747&runs=324764&runs=324765&runs=324769&runs=324772&runs=324785&runs=324791&runs=324835&runs=324840&runs=324841&runs=324846&runs=324878&runs=324897&runs=324970&runs=324980&runs=324997&runs=324998&runs=324999&runs=325000&runs=325001&runs=325022&runs=325057&runs=325097&runs=325098&runs=325099&runs=325100&runs=325101&runs=325110&runs=325117&runs=325159&runs=325168&runs=325169&runs=325170&runs=325172&lumis=1%2C88%2C91%2C92&lumis=1%2C172&lumis=32%2C261&lumis=4%2C58&lumis=1%2C244&lumis=1%2C633&lumis=23%2C118%2C122%2C1354&lumis=37%2C654&lumis=44%2C732%2C736%2C770%2C780%2C831&lumis=40%2C619&lumis=1%2C35%2C37%2C47%2C49%2C67%2C69%2C80%2C82%2C90&lumis=10%2C61%2C67%2C750&lumis=28%2C920%2C924%2C942%2C954%2C1748&lumis=42%2C843&lumis=1%2C653%2C672%2C709&lumis=1%2C24&lumis=13%2C100&lumis=1%2C345&lumis=1%2C1122&lumis=55%2C171&lumis=22%2C97&lumis=1%2C26&lumis=1%2C279&lumis=46%2C87&lumis=1%2C4&lumis=1%2C92&lumis=1%2C184&lumis=1%2C40%2C47%2C390%2C395%2C565%2C567%2C594&lumis=1%2C1033&lumis=1%2C58&lumis=1%2C110&lumis=24%2C1127%2C1180%2C1186&lumis=10%2C654&lumis=38%2C113&lumis=1%2C545&lumis=1%2C61&lumis=1%2C160%2C162%2C162%2C164%2C700&lumis=35%2C359%2C374%2C385%2C400%2C1123&lumis=33%2C50%2C56%2C626&lumis=34%2C92&lumis=37%2C309&lumis=39%2C332&lumis=29%2C33%2C40%2C156%2C158%2C161&lumis=1%2C198%2C201%2C305&lumis=1%2C72&lumis=1%2C716%2C718%2C922&lumis=41%2C621&lumis=1%2C344&lumis=33%2C1154&lumis=39%2C240%2C262%2C914&lumis=1%2C71&lumis=42%2C405&lumis=1%2C321%2C323%2C567&lumis=1%2C935&lumis=1%2C23%2C194%2C206&lumis=1%2C4&lumis=37%2C407&lumis=1%2C210&lumis=1%2C48&lumis=1%2C64&lumis=1%2C777%2C779%2C1562&lumis=1%2C770&lumis=38%2C81&lumis=1%2C1091%2C1093%2C1100%2C1207%2C2077&lumis=33%2C1197&lumis=1%2C10&lumis=1%2C498&lumis=1%2C403&lumis=25%2C466&lumis=1%2C264&lumis=1%2C1008&lumis=1%2C283&lumis=38%2C626&lumis=1%2C1224&lumis=1%2C325&lumis=36%2C121&lumis=22%2C124%2C126%2C131%2C133%2C135%2C137%2C137%2C139%2C142%2C144%2C145%2C147%2C147%2C149%2C159%2C161%2C174%2C176%2C178%2C180%2C189%2C191%2C197%2C199%2C208%2C210%2C223&lumis=1%2C208%2C210%2C212%2C214%2C225%2C227%2C242%2C244%2C269%2C271%2C319%2C332%2C392%2C394%2C395%2C397%2C402%2C404%2C404%2C406%2C410%2C412%2C412%2C414%2C418%2C420%2C428%2C430%2C450&lumis=1%2C39%2C41%2C49&lumis=19%2C19%2C21%2C40&lumis=1%2C29&lumis=1%2C70&lumis=1%2C708%2C714%2C1213&lumis=36%2C71&lumis=1%2C1454&lumis=17%2C444&lumis=1%2C476&lumis=1%2C70%2C76%2C333&lumis=44%2C205%2C207%2C921%2C923%2C1364&lumis=20%2C703%2C742%2C1945&lumis=17%2C526&lumis=49%2C241&lumis=1%2C338&lumis=1%2C981&lumis=1%2C197&lumis=46%2C346%2C388%2C397&lumis=1%2C479&lumis=1%2C388&lumis=33%2C45&lumis=1%2C181&lumis=1%2C192&lumis=1%2C311&lumis=1%2C91%2C100%2C144&lumis=1%2C182&lumis=1%2C15&lumis=1%2C751&lumis=1%2C64&lumis=11%2C1609&lumis=51%2C1920%2C1922%2C2199&lumis=34%2C38%2C40%2C644&lumis=1%2C164%2C171%2C401&lumis=1%2C156&lumis=40%2C188&lumis=33%2C503&lumis=44%2C254&lumis=1%2C14&lumis=1%2C623&lumis=41%2C66&lumis=43%2C177%2C213%2C222%2C257%2C852&lumis=1%2C1003&lumis=47%2C63%2C65%2C1424&lumis=36%2C175&lumis=1%2C375&lumis=43%2C508&lumis=34%2C824&lumis=1%2C330&lumis=1%2C283%2C347%2C760&lumis=44%2C182&lumis=1%2C326%2C333%2C411%2C413%2C1827&lumis=66%2C107&lumis=1%2C163&lumis=1%2C418&lumis=58%2C128&lumis=1%2C58&lumis=39%2C46&lumis=1%2C1116%2C1119%2C1900&lumis=1%2C1397&lumis=1%2C68%2C71%2C309&lumis=33%2C89%2C105%2C115&lumis=1%2C23&lumis=1%2C448%2C467%2C514%2C519%2C545&lumis=1%2C844&lumis=41%2C1487&lumis=43%2C334&lumis=40%2C2045&lumis=29%2C829&lumis=1%2C1390&lumis=45%2C139&lumis=1%2C621&lumis=1%2C1304&lumis=35%2C1256&lumis=1%2C858&lumis=83%2C402&lumis=38%2C682&lumis=1%2C33&lumis=54%2C123&lumis=16%2C287&lumis=1%2C320&lumis=1%2C161&lumis=1%2C615&lumis=52%2C92&lumis=48%2C2240&lumis=40%2C690&lumis=1%2C37&lumis=1%2C148&lumis=35%2C559%2C562%2C734&lumis=1%2C287%2C290%2C683&lumis=138%2C346&lumis=1%2C78&lumis=38%2C103&lumis=1%2C317&lumis=36%2C1459&lumis=1%2C282&lumis=1%2C259&lumis=41%2C3168&lumis=17%2C206&lumis=31%2C1509&lumis=51%2C310&lumis=1%2C167&lumis=1%2C225&lumis=1%2C87&lumis=36%2C294&lumis=46%2C90&lumis=47%2C482%2C490%2C490&lumis=1%2C312&lumis=44%2C1966&lumis=41%2C388&lumis=1%2C167&lumis=49%2C51&lumis=1%2C53&lumis=1%2C492&lumis=1%2C4&lumis=1%2C40%2C47%2C262&lumis=1%2C225&lumis=1%2C40%2C43%2C53&lumis=1%2C7&lumis=1%2C983&lumis=1%2C59&lumis=1%2C56&lumis=1%2C32&lumis=1%2C416&lumis=43%2C298&lumis=1%2C50&lumis=38%2C205&lumis=46%2C882&lumis=1%2C264&lumis=1%2C955&lumis=52%2C192&lumis=1%2C34%2C36%2C341&lumis=1%2C330&lumis=1%2C302&lumis=1%2C99&lumis=17%2C292&lumis=1%2C410&lumis=1%2C113&lumis=1%2C204&lumis=43%2C663&lumis=1%2C30&lumis=1%2C737&lumis=1%2C105&lumis=1%2C42&lumis=1%2C49&lumis=1%2C21&lumis=1%2C64&lumis=1%2C200&lumis=1%2C920&lumis=35%2C901&lumis=1%2C599&lumis=49%2C531&lumis=39%2C242&lumis=51%2C382&lumis=46%2C1274&lumis=1%2C7&lumis=1%2C716&lumis=41%2C221&lumis=1%2C523&lumis=1%2C360&lumis=1%2C1051&lumis=93%2C357&lumis=1%2C471&lumis=1%2C205&lumis=41%2C369&lumis=1%2C125&lumis=1%2C565&lumis=1%2C159&lumis=1%2C272&lumis=1%2C230&lumis=1%2C40&lumis=49%2C321&lumis=1%2C26&lumis=2%2C25&lumis=1%2C1926&lumis=1%2C178&lumis=40%2C214&lumis=1%2C831&lumis=1%2C407&lumis=1%2C93&lumis=44%2C142&lumis=26%2C214&lumis=1%2C380&lumis=39%2C188&lumis=1%2C61&lumis=1%2C162&lumis=1%2C831&lumis=1%2C85&lumis=1%2C342&lumis=1%2C213&lumis=1%2C35%2C190%2C201&lumis=58%2C1179&lumis=1%2C302%2C304%2C326%2C328%2C340%2C368%2C759&lumis=39%2C225%2C232%2C639&lumis=1%2C715&lumis=1%2C313&lumis=45%2C214&lumis=1%2C47&lumis=1%2C395&lumis=1%2C819&lumis=1%2C493&lumis=33%2C70&lumis=1%2C741&lumis=1%2C798&lumis=35%2C86%2C88%2C1424%2C1426%2C1475%2C1478%2C1553%2C1558%2C1575%2C1578%2C1588%2C1591%2C1743&lumis=1%2C8&lumis=1%2C10&lumis=1%2C141%2C143%2C143%2C145%2C510%2C512%2C552%2C554%2C691%2C693%2C923&lumis=38%2C74%2C77%2C214%2C216%2C232%2C234%2C247%2C249%2C321%2C323%2C365%2C367%2C455&lumis=5%2C78&lumis=49%2C962&lumis=1%2C934&lumis=1%2C40&lumis=41%2C124&lumis=1%2C59&lumis=1%2C30&lumis=1%2C727&lumis=1%2C4&lumis=48%2C357&lumis=1%2C62&lumis=1%2C307%2C309%2C316%2C318%2C384%2C390%2C394%2C396%2C604%2C606%2C616%2C619%2C646%2C649%2C690%2C693%2C754&lumis=1%2C24%2C34%2C41%2C44%2C67&lumis=20%2C2600%2C2605%2C2651&lumis=1%2C10&lumis=1%2C768&lumis=1%2C408&lumis=1%2C127%2C134%2C148&lumis=1%2C1475&lumis=1%2C365&lumis=31%2C1283&lumis=1%2C804&lumis=30%2C189&lumis=1%2C47&lumis=1%2C125&lumis=1%2C642&lumis=1%2C710&lumis=43%2C451%2C453%2C1888&lumis=1%2C149&lumis=50%2C518%2C526%2C2084&lumis=1%2C57&lumis=1%2C2%2C16%2C54%2C57%2C115%2C117%2C263&lumis=2%2C257%2C259%2C291&lumis=1%2C127%2C129%2C181%2C185%2C189%2C192%2C245%2C248%2C252%2C254%2C373%2C375%2C381%2C386%2C386%2C389%2C392%2C395%2C424%2C426%2C432%2C434%2C448%2C450%2C452%2C454%2C459%2C467%2C586%2C589%2C680%2C682%2C686%2C689%2C903%2C905%2C973%2C975%2C1448&lumis=1%2C146&lumis=33%2C361%2C363%2C470%2C472%2C473%2C475%2C487%2C489%2C729&lumis=1%2C47%2C49%2C75%2C77%2C121%2C128%2C130%2C146%2C148%2C151%2C155%2C161%2C165%2C168%2C189&lumis=1%2C171%2C175%2C205%2C207%2C238%2C240%2C258%2C260%2C420%2C422%2C520%2C526%2C586%2C588%2C593%2C598%2C602%2C604%2C607%2C613%2C716%2C719%2C721%2C727%2C788%2C794%2C818%2C822%2C824%2C828%2C830%2C834%2C836%2C840%2C841%2C845%2C855&lumis=11%2C14%2C25%2C35%2C39%2C52%2C54%2C79&lumis=1%2C12%2C14%2C52%2C54%2C119&lumis=1%2C12%2C14%2C14&lumis=1%2C12%2C15%2C19%2C30%2C45&lumis=1%2C81%2C83%2C169%2C174%2C176%2C192%2C207&lumis=8%2C150&lumis=1%2C332%2C336%2C338%2C342%2C346%2C351%2C357%2C359%2C360%2C362%2C371%2C374%2C383%2C392%2C412%2C414%2C420%2C422%2C493%2C496%2C499%2C502%2C503%2C505%2C508%2C517%2C518&lumis=6%2C37%2C53%2C56%2C58%2C66%2C69%2C69%2C77%2C180%2C186%2C209%2C212%2C265%2C269%2C274%2C276%2C290%2C293%2C312%2C316%2C410%2C412%2C427&lumis=32%2C352&lumis=1%2C23&lumis=1%2C536&lumis=1%2C690&lumis=1%2C214&lumis=25%2C781&lumis=1%2C389%2C403%2C510&lumis=1%2C407&lumis=1%2C333&lumis=39%2C47%2C50%2C52%2C55%2C68%2C71%2C73%2C77%2C89%2C93%2C95%2C99%2C111%2C114%2C116%2C120%2C132%2C136%2C138%2C141%2C154%2C157%2C159%2C163%2C175%2C178%2C181%2C185%2C197%2C200%2C202%2C207%2C218%2C222%2C356&lumis=1%2C41%2C44%2C132&lumis=54%2C948&lumis=43%2C472&lumis=1%2C208%2C210%2C1654&lumis=4%2C156%2C164%2C808&lumis=1%2C6&lumis=43%2C232%2C235%2C326&lumis=18%2C47&lumis=1%2C354&lumis=37%2C746%2C748%2C968%2C972%2C1253&lumis=1%2C866&lumis=45%2C996%2C1106%2C1486&lumis=1%2C471&lumis=14%2C22&lumis=1%2C17&lumis=42%2C185%2C201%2C1805&lumis=32%2C70&lumis=38%2C58&lumis=51%2C724&lumis=39%2C200%2C216%2C393%2C409%2C428&lumis=48%2C871&lumis=48%2C159&lumis=1%2C516%2C530%2C874&lumis=43%2C820%2C823%2C1783&lumis=39%2C266&lumis=1%2C280%2C282%2C301%2C303%2C331%2C337%2C1143&lumis=1%2C526&lumis=42%2C1586&lumis=48%2C101&lumis=1%2C163&lumis=1%2C170%2C267%2C1205&lumis=1%2C416&lumis=37%2C1055&lumis=40%2C1505&lumis=36%2C137&lumis=1%2C779&lumis=45%2C577&lumis=46%2C582&lumis=46%2C794&lumis=1%2C53%2C59%2C1166&lumis=60%2C408&lumis=1%2C1386&lumis=37%2C45&lumis=43%2C294&lumis=1%2C69%2C72%2C72&lumis=1%2C10&lumis=1%2C280&lumis=1%2C601&lumis=41%2C484%2C492%2C1167&lumis=1%2C249&lumis=1%2C46&lumis=1%2C136&lumis=38%2C172%2C176%2C218%2C223%2C266&lumis=1%2C238&lumis=1%2C64&lumis=1%2C227&lumis=1%2C355&lumis=1%2C77&lumis=42%2C177%2C184%2C498&lumis=1%2C514%2C555%2C734%2C738%2C793&lumis=1%2C33&lumis=1%2C144&lumis=1%2C187&lumis=25%2C561&lumis=1%2C91%2C97%2C1126&lumis=1%2C248%2C253%2C466&lumis=38%2C151&lumis=1%2C257&lumis=1%2C808&lumis=18%2C346&lumis=1%2C60&lumis=1%2C83%2C88%2C677%2C682%2C813%2C819%2C822%2C826%2C987&lumis=27%2C815%2C818%2C823%2C826%2C826%2C828%2C830%2C833%2C861%2C864%2C964&lumis=38%2C81%2C84%2C171&lumis=1%2C934&lumis=45%2C948&lumis=1%2C68&lumis=46%2C510&lumis=1%2C357&lumis=49%2C1567&lumis=1%2C77&lumis=31%2C85&lumis=1%2C73&lumis=1%2C202&lumis=1%2C188&lumis=1%2C498&lumis=44%2C819&lumis=1%2C554&lumis=54%2C710%2C712%2C753&lumis=20%2C834%2C837%2C1385&lumis=1%2C240&lumis=1%2C163&lumis=1%2C149&lumis=1%2C34&lumis=1%2C142&lumis=33%2C236&lumis=23%2C1681&lumis=39%2C1440%2C1442%2C2176%2C2178%2C2342&lumis=1%2C200%2C203%2C204&lumis=1%2C332&lumis=1%2C625&lumis=1%2C193&lumis=63%2C1139&lumis=1%2C150&lumis=1%2C481&lumis=1%2C328&lumis=1%2C165&lumis=77%2C664&lumis=1%2C1217&lumis=40%2C230%2C302%2C369&lumis=1%2C96&lumis=1%2C1347&lumis=1%2C151%2C154%2C517&lumis=62%2C111%2C113%2C175%2C180%2C1800&lumis=30%2C170&lumis=1%2C425%2C428%2C598%2C606%2C632%2C634%2C1529%2C1532%2C2195&lumis=39%2C917%2C919%2C954%2C956%2C968%2C1005%2C1042%2C1044%2C2340&lumis=29%2C150&lumis=1%2C368&lumis=1%2C14&lumis=1%2C371&lumis=1%2C105%2C108%2C171%2C173%2C595&lumis=45%2C1594&lumis=42%2C383&lumis=40%2C96&lumis=1%2C8&lumis=1%2C394&lumis=1%2C254&lumis=1%2C462%2C464%2C485&lumis=1%2C21&lumis=1%2C533&lumis=48%2C266&lumis=1%2C21&lumis=1%2C23&lumis=1%2C692%2C694%2C1205&lumis=1%2C267%2C269%2C485.
Failed submitting task:   % Total    % Received % Xferd  Average Speed   Time    Time     Time  Current
                                 Dload  Upload   Total   Spent    Left  Speed
  0     0    0     0    0     0      0      0 --:--:-- --:--:-- --:--:--     0*   Trying 188.184.75.82...
* TCP_NODELAY set
* Connected to cmsweb.cern.ch (188.184.75.82) port 8443 (#0)
* ALPN, offering http/1.1
* Cipher selection: ALL:!EXPORT:!EXPORT40:!EXPORT56:!aNULL:!LOW:!RC4:@STRENGTH
* successfully set certificate verify locations:
  CAfile: /etc/pki/tls/certs/ca-bundle.crt
  CApath: /etc/grid-security/certificates/
* TLSv1.2 (OUT), TLS header, Certificate Status (22):
} [5 bytes data]
* TLSv1.2 (OUT), TLS handshake, Client hello (1):
} [512 bytes data]
* TLSv1.2 (IN), TLS handshake, Server hello (2):
{ [109 bytes data]
* TLSv1.2 (IN), TLS handshake, Certificate (11):
{ [6240 bytes data]
* TLSv1.2 (IN), TLS handshake, Server key exchange (12):
{ [333 bytes data]
* TLSv1.2 (IN), TLS handshake, Request CERT (13):
{ [13122 bytes data]
* TLSv1.2 (IN), TLS handshake, Server finished (14):
{ [4 bytes data]
* TLSv1.2 (OUT), TLS handshake, Certificate (11):
} [6784 bytes data]
* TLSv1.2 (OUT), TLS handshake, Client key exchange (16):
} [70 bytes data]
* TLSv1.2 (OUT), TLS handshake, CERT verify (15):
} [264 bytes data]
* TLSv1.2 (OUT), TLS change cipher, Client hello (1):
} [1 bytes data]
* TLSv1.2 (OUT), TLS handshake, Finished (20):
} [16 bytes data]
* TLSv1.2 (IN), TLS change cipher, Client hello (1):
{ [1 bytes data]
* TLSv1.2 (IN), TLS handshake, Finished (20):
{ [16 bytes data]
* SSL connection using TLSv1.2 / ECDHE-RSA-AES128-GCM-SHA256
* ALPN, server accepted to use http/1.1
* Server certificate:
*  subject: DC=ch; DC=cern; OU=computers; CN=cmsweb.cern.ch
*  start date: Feb 28 02:56:51 2023 GMT
*  expire date: Apr  3 02:56:51 2024 GMT
*  subjectAltName: host "cmsweb.cern.ch" matched cert's "cmsweb.cern.ch"
*  issuer: DC=ch; DC=cern; CN=CERN Grid Certification Authority
*  SSL certificate verify ok.
} [5 bytes data]
> PUT /crabserver/prod/workflow HTTP/1.1
> Host: cmsweb.cern.ch:8443
> User-Agent: CRABClient/v3.230417
> Accept: */*
> Content-Length: 16948
> Content-Type: application/x-www-form-urlencoded
> Expect: 100-continue
> 
{ [5 bytes data]
< HTTP/1.1 100 Continue
} [5 bytes data]
* We are completely uploaded and fine
{ [5 bytes data]
< HTTP/1.1 400 Bad Request
< Date: Tue, 20 Jun 2023 15:11:15 GMT
< Server: Apache
< Content-Type: text/html;charset=utf-8
< Content-Length: 733
< X-Rest-Status: 302
< X-Error-Http: 400
< X-Error-Id: 2d087c42e5e11e18dde52fec404378a6
< X-Error-Detail: Invalid input parameter
< X-Error-Info: Incorrect 'asyncdest' parameter <class 'str'> T2_CERN_CH
< X-Rest-Time: 356432.915 us
< CMS-Server-Time: D=365638 t=1687273874895848
< Connection: close
< 
 96 17681    0     0  100 16948      0  42906 --:--:-- --:--:-- --:--:-- 42797{ [5 bytes data]
100 17681  100   733  100 16948   1855  42906 --:--:-- --:--:-- --:--:-- 44648
* Closing connection 0
} [5 bytes data]
* TLSv1.2 (OUT), TLS alert, Client hello (1):
} [2 bytes data]
<!DOCTYPE html PUBLIC
"-//W3C//DTD XHTML 1.0 Transitional//EN"
"http://www.w3.org/TR/xhtml1/DTD/xhtml1-transitional.dtd">
<html>
<head>
    <meta http-equiv="Content-Type" content="text/html; charset=utf-8"></meta>
    <title>400 Bad Request</title>
    <style type="text/css">
    #powered_by {
        margin-top: 20px;
        border-top: 2px solid black;
        font-style: italic;
    }

    #traceback {
        color: red;
    }
    </style>
</head>
    <body>
        <h2>400 Bad Request</h2>
        <p>Invalid input parameter</p>
        <pre id="traceback"></pre>
    <div id="powered_by">
      <span>
        Powered by <a href="http://www.cherrypy.dev">CherryPy 18.8.0</a>
      </span>
    </div>
    </body>
</html>

*** Done with Sample JetHT2018 ***


